proguard/seeds.txt
com.biyanzhi.R$anim
com.biyanzhi.R$anim: int down_in
com.biyanzhi.R$anim: int in_from_right
com.biyanzhi.R$anim: int list_anim
com.biyanzhi.R$anim: int list_anim_layout
com.biyanzhi.R$anim: int load_animation
com.biyanzhi.R$anim: int out_to_left
com.biyanzhi.R$anim: int right_in
com.biyanzhi.R$anim: int right_out
com.biyanzhi.R$anim: int slide_in_from_left
com.biyanzhi.R$anim: int slide_out_to_right
com.biyanzhi.R$anim: int up_out
com.biyanzhi.R$anim: int voice_from_icon
com.biyanzhi.R$anim: int voice_to_icon
com.biyanzhi.R$anim: R$anim()
com.biyanzhi.R$attr
com.biyanzhi.R$attr: int absListViewStyle
com.biyanzhi.R$attr: int accessibilityFocusable
com.biyanzhi.R$attr: int addStatesFromChildren
com.biyanzhi.R$attr: int alpha
com.biyanzhi.R$attr: int alwaysDrawnWithCache
com.biyanzhi.R$attr: int animateLayoutChanges
com.biyanzhi.R$attr: int animationCache
com.biyanzhi.R$attr: int cacheColorHint
com.biyanzhi.R$attr: int choiceMode
com.biyanzhi.R$attr: int clickable
com.biyanzhi.R$attr: int clipChildren
com.biyanzhi.R$attr: int clipToPadding
com.biyanzhi.R$attr: int colorFillOff
com.biyanzhi.R$attr: int colorFillOn
com.biyanzhi.R$attr: int colorFillPressedOff
com.biyanzhi.R$attr: int colorFillPressedOn
com.biyanzhi.R$attr: int colorOutlineOff
com.biyanzhi.R$attr: int colorOutlineOn
com.biyanzhi.R$attr: int colorOutlinePressed
com.biyanzhi.R$attr: int contentDescription
com.biyanzhi.R$attr: int descendantFocusability
com.biyanzhi.R$attr: int dividerHeight
com.biyanzhi.R$attr: int drag_edge
com.biyanzhi.R$attr: int drawSelectorOnTop
com.biyanzhi.R$attr: int drawingCacheQuality
com.biyanzhi.R$attr: int duplicateParentState
com.biyanzhi.R$attr: int fadeScrollbars
com.biyanzhi.R$attr: int fadingEdge
com.biyanzhi.R$attr: int fadingEdgeLength
com.biyanzhi.R$attr: int fastScrollAlwaysVisible
com.biyanzhi.R$attr: int fastScrollEnabled
com.biyanzhi.R$attr: int filterTouchesWhenObscured
com.biyanzhi.R$attr: int fitsSystemWindows
com.biyanzhi.R$attr: int focusable
com.biyanzhi.R$attr: int focusableInTouchMode
com.biyanzhi.R$color
com.biyanzhi.R$color: int ampm_text_color
com.biyanzhi.R$color: int bg_color
com.biyanzhi.R$color: int bg_line
com.biyanzhi.R$color: int black
com.biyanzhi.R$color: int blue
com.biyanzhi.R$color: int boy
com.biyanzhi.R$color: int btn_gray_normal
com.biyanzhi.R$color: int calendar_header
com.biyanzhi.R$color: int circle_background
com.biyanzhi.R$color: int city_nomal_color
com.biyanzhi.R$color: int city_select_color
com.biyanzhi.R$color: int color_d5
com.biyanzhi.R$color: int common_bg
com.biyanzhi.R$color: int darker_blue
com.biyanzhi.R$color: int date_picker_selector
com.biyanzhi.R$color: int date_picker_text_normal
com.biyanzhi.R$color: int date_picker_view_animator
com.biyanzhi.R$color: int date_picker_year_selector
com.biyanzhi.R$color: int done_text_color
com.biyanzhi.R$color: int done_text_color_disabled
com.biyanzhi.R$color: int done_text_color_normal
com.biyanzhi.R$color: int editTextClolor
com.biyanzhi.R$color: int girl
com.biyanzhi.R$color: int gray
com.biyanzhi.R$color: int line_background
com.biyanzhi.R$color: int numbers_text_color
com.biyanzhi.R$color: int pciture_blue
com.biyanzhi.R$color: int pciture_text
com.biyanzhi.R$color: int profile_bottom_text_color
com.biyanzhi.R$color: int qq_bg_chat_bottom_color
com.biyanzhi.R$color: int qq_bg_chat_color
com.biyanzhi.R$color: int reg_desc_text
com.biyanzhi.R$color: int self_comment_color
com.biyanzhi.R$color: int text_color_nomal
com.biyanzhi.R$color: int text_desc
...
com.baidu.mapapi.search.busline.BusLineSearch$1
com.baidu.mapapi.search.busline.BusLineSearch$a
com.baidu.mapapi.search.busline.BusLineSearch$a: com.baidu.mapapi.search.busline.BusLineSearch a
com.baidu.mapapi.search.busline.BusLineSearch$a: BusLineSearch$a(com.baidu.mapapi.search.busline.BusLineSearch)
com.baidu.mapapi.search.busline.BusLineSearch$a: void a(java.lang.String)
com.baidu.mapapi.search.busline.BusLineSearch$a: void b(java.lang.String)
com.baidu.mapapi.search.busline.BusLineSearch$a: void c(java.lang.String)
com.baidu.mapapi.search.busline.BusLineSearch$a: void d(java.lang.String)
com.baidu.mapapi.search.busline.BusLineSearch$a: void e(java.lang.String)
com.baidu.mapapi.search.busline.BusLineSearch$a: void f(java.lang.String)
com.baidu.mapapi.search.busline.BusLineSearch$a: void g(java.lang.String)
com.baidu.mapapi.search.busline.BusLineSearch$a: void h(java.lang.String)
com.baidu.mapapi.search.busline.BusLineSearch$a: void i(java.lang.String)
com.baidu.mapapi.search.busline.BusLineSearch$a: void j(java.lang.String)
com.baidu.mapapi.search.busline.BusLineSearch$a: void k(java.lang.String)
com.baidu.mapapi.search.busline.BusLineSearch$a: void a(int)
com.baidu.mapapi.search.busline.BusLineSearch$a: BusLineSearch$a(com.baidu.mapapi.search.busline.BusLineSearch,com.baidu.mapapi.search.busline.BusLineSearch$1)
com.baidu.mapapi.search.busline.BusLineSearchOption
com.baidu.mapapi.search.busline.BusLineSearchOption: java.lang.String a
com.baidu.mapapi.search.busline.BusLineSearchOption: java.lang.String b
com.baidu.mapapi.search.busline.BusLineSearchOption: BusLineSearchOption()
com.baidu.mapapi.search.busline.BusLineSearchOption: com.baidu.mapapi.search.busline.BusLineSearchOption city(java.lang.String)
com.baidu.mapapi.search.busline.BusLineSearchOption: com.baidu.mapapi.search.busline.BusLineSearchOption uid(java.lang.String)
com.baidu.mapapi.search.busline.OnGetBusLineSearchResultListener
com.baidu.mapapi.search.busline.OnGetBusLineSearchResultListener: void onGetBusLineResult(com.baidu.mapapi.search.busline.BusLineResult)
com.baidu.mapapi.search.busline.a
com.baidu.mapapi.search.busline.a: com.baidu.mapapi.search.busline.BusLineResult a(java.lang.String)
com.baidu.mapapi.search.core.CityInfo
com.baidu.mapapi.search.core.CityInfo: java.lang.String city
com.baidu.mapapi.search.core.CityInfo: int num
com.baidu.mapapi.search.core.CityInfo: CityInfo()
com.baidu.mapapi.search.core.PoiInfo
com.baidu.mapapi.search.core.PoiInfo: java.lang.String name
com.baidu.mapapi.search.core.PoiInfo: java.lang.String uid
com.baidu.mapapi.search.core.PoiInfo: java.lang.String address
com.baidu.mapapi.search.core.PoiInfo: java.lang.String city
com.baidu.mapapi.search.core.PoiInfo: java.lang.String phoneNum
com.baidu.mapapi.search.core.PoiInfo: java.lang.String postCode
com.baidu.mapapi.search.core.PoiInfo: com.baidu.mapapi.search.core.PoiInfo$POITYPE type
com.baidu.mapapi.search.core.PoiInfo: com.baidu.mapapi.model.LatLng location
com.baidu.mapapi.search.core.PoiInfo: boolean hasCaterDetails
com.baidu.mapapi.search.core.PoiInfo: boolean isPano
com.baidu.mapapi.search.core.PoiInfo: PoiInfo()