proguard/mapping.txt
com.biyanzhi.BuildConfig -> com.biyanzhi.a:
    boolean DEBUG -> a
com.biyanzhi.Manifest -> com.biyanzhi.b:
com.biyanzhi.Manifest$permission -> com.biyanzhi.b$a:
    java.lang.String BAIDU_LOCATION_SERVICE -> a
com.biyanzhi.R -> com.biyanzhi.R:
com.biyanzhi.R$anim -> com.biyanzhi.R$anim:
    int down_in -> down_in
    int in_from_right -> in_from_right
    int list_anim -> list_anim
    int list_anim_layout -> list_anim_layout
    int load_animation -> load_animation
    int out_to_left -> out_to_left
    int right_in -> right_in
    int right_out -> right_out
    int slide_in_from_left -> slide_in_from_left
    int slide_out_to_right -> slide_out_to_right
    int up_out -> up_out
    int voice_from_icon -> voice_from_icon
    int voice_to_icon -> voice_to_icon
com.biyanzhi.R$attr -> com.biyanzhi.R$attr:
    int absListViewStyle -> absListViewStyle
    int accessibilityFocusable -> accessibilityFocusable
    int addStatesFromChildren -> addStatesFromChildren
    int alpha -> alpha
    int alwaysDrawnWithCache -> alwaysDrawnWithCache
    int animateLayoutChanges -> animateLayoutChanges
    int animationCache -> animationCache
    int cacheColorHint -> cacheColorHint
    int choiceMode -> choiceMode
    int clickable -> clickable
    int clipChildren -> clipChildren
    int clipToPadding -> clipToPadding
    int colorFillOff -> colorFillOff
    int colorFillOn -> colorFillOn
    int colorFillPressedOff -> colorFillPressedOff
    int colorFillPressedOn -> colorFillPressedOn
    int colorOutlineOff -> colorOutlineOff
    int colorOutlineOn -> colorOutlineOn
    int colorOutlinePressed -> colorOutlinePressed
    int contentDescription -> contentDescription
    int descendantFocusability -> descendantFocusability
    int dividerHeight -> dividerHeight
    int drag_edge -> drag_edge
    int drawSelectorOnTop -> drawSelectorOnTop
    int drawingCacheQuality -> drawingCacheQuality
    int duplicateParentState -> duplicateParentState
    int fadeScrollbars -> fadeScrollbars
    int fadingEdge -> fadingEdge
    int fadingEdgeLength -> fadingEdgeLength
    int fastScrollAlwaysVisible -> fastScrollAlwaysVisible
    int fastScrollEnabled -> fastScrollEnabled
    int filterTouchesWhenObscured -> filterTouchesWhenObscured
com.biyanzhi.R$color -> com.biyanzhi.R$color:
    int ampm_text_color -> ampm_text_color
    int bg_color -> bg_color
    int bg_line -> bg_line
    int black -> black
    int blue -> blue
    int boy -> boy
    int btn_gray_normal -> btn_gray_normal
    int calendar_header -> calendar_header
    int circle_background -> circle_background
    int city_nomal_color -> city_nomal_color
    int city_select_color -> city_select_color
    int color_d5 -> color_d5
    int common_bg -> common_bg
    int darker_blue -> darker_blue
    int date_picker_selector -> date_picker_selector
    int date_picker_text_normal -> date_picker_text_normal
    int date_picker_view_animator -> date_picker_view_animator
    int date_picker_year_selector -> date_picker_year_selector
    int done_text_color -> done_text_color
    int done_text_color_disabled -> done_text_color_disabled
    int done_text_color_normal -> done_text_color_normal
    int editTextClolor -> editTextClolor
    int girl -> girl
    int gray -> gray
    int line_background -> line_background
    int numbers_text_color -> numbers_text_color
    int pciture_blue -> pciture_blue
    int pciture_text -> pciture_text
    int profile_bottom_text_color -> profile_bottom_text_color
    int qq_bg_chat_bottom_color -> qq_bg_chat_bottom_color
    int qq_bg_chat_color -> qq_bg_chat_color
    int reg_desc_text -> reg_desc_text
    int self_comment_color -> self_comment_color
    int text_color_nomal -> text_color_nomal
...
org.jivesoftware.smack.SmackAndroid -> org.jivesoftware.smack.an:
    org.jivesoftware.smack.SmackAndroid sSmackAndroid -> a
    android.content.BroadcastReceiver mConnectivityChangedReceiver -> b
    android.content.Context mCtx -> c
    org.jivesoftware.smack.SmackAndroid init(android.content.Context) -> a
    void onDestroy() -> a
    void maybeRegisterReceiver() -> b
org.jivesoftware.smack.SmackAndroid$ConnectivtyChangedReceiver -> org.jivesoftware.smack.an$a:
    org.jivesoftware.smack.SmackAndroid this$0 -> a
    void onReceive(android.content.Context,android.content.Intent) -> onReceive
org.jivesoftware.smack.SmackConfiguration -> org.jivesoftware.smack.SmackConfiguration:
    java.lang.String SMACK_VERSION -> a
    int packetReplyTimeout -> b
    java.util.Vector defaultMechs -> c
    boolean localSocks5ProxyEnabled -> d
    int localSocks5ProxyPort -> e
    int packetCollectorSize -> f
    int defaultPingInterval -> g
    org.jivesoftware.smack.parsing.ParsingExceptionCallback defaultCallback -> h
    boolean autoEnableEntityCaps -> i
    java.lang.String getVersion() -> a
    int getPacketReplyTimeout() -> b
    void setPacketReplyTimeout(int) -> a
    int getPacketCollectorSize() -> c
    void setPacketCollectorSize(int) -> b
    void addSaslMech(java.lang.String) -> a
    void addSaslMechs(java.util.Collection) -> a
    void removeSaslMech(java.lang.String) -> b
    void removeSaslMechs(java.util.Collection) -> b
    java.util.List getSaslMechs() -> d
    boolean isLocalSocks5ProxyEnabled() -> e
    void setLocalSocks5ProxyEnabled(boolean) -> a
    int getLocalSocks5ProxyPort() -> f
    void setLocalSocks5ProxyPort(int) -> c
    int getDefaultPingInterval() -> g
    void setDefaultPingInterval(int) -> d
    boolean autoEnableEntityCaps() -> h
    void setAutoEnableEntityCaps(boolean) -> b
    void setDefaultParsingExceptionCallback(org.jivesoftware.smack.parsing.ParsingExceptionCallback) -> setDefaultParsingExceptionCallback
org.jivesoftware.smack.UserAuthentication -> org.jivesoftware.smack.ao:
    java.lang.String authenticate(java.lang.String,java.lang.String,org.apache.harmony.javax.security.auth.callback.CallbackHandler) -> a
    java.lang.String authenticate(java.lang.String,java.lang.String,java.lang.String) -> a
    java.lang.String authenticateAnonymously() -> a
org.jivesoftware.smack.XMPPConnection -> org.jivesoftware.smack.XMPPConnection:
    java.lang.String TAG -> w
    java.net.Socket socket -> r
    java.lang.String connectionID -> s
    java.lang.String user -> x
    boolean connected -> y
    boolean socketClosed -> z
    boolean authenticated -> A
    boolean wasAuthenticated -> B
    boolean anonymous -> C
    boolean usingTLS -> D
    org.jivesoftware.smack.parsing.ParsingExceptionCallback parsingExceptionCallback -> E
    org.jivesoftware.smack.PacketWriter packetWriter -> t
    org.jivesoftware.smack.PacketReader packetReader -> u
    org.jivesoftware.smack.Roster roster -> v
    java.util.Collection compressionMethods -> F
    boolean serverAckdCompression -> G
    java.lang.Object mutex -> H
    java.lang.String getConnectionID() -> h
    java.lang.String getUser() -> g
    void setParsingExceptionCallback(org.jivesoftware.smack.parsing.ParsingExceptionCallback) -> setParsingExceptionCallback
    org.jivesoftware.smack.parsing.ParsingExceptionCallback getParsingExceptionCallback() -> getParsingExceptionCallback
    void login(java.lang.String,java.lang.String,java.lang.String) -> a
    void loginAnonymously() -> p
    org.jivesoftware.smack.Roster getRosterWithoutLoad() -> E
    org.jivesoftware.smack.Roster getRoster() -> s
    boolean isConnected() -> i
    boolean isSecureConnection() -> l
    boolean isSocketClosed() -> F
    boolean isAuthenticated() -> j
    boolean isAnonymous() -> k
    void release() -> a